# JRE version: Java(TM) SE Runtime Environment (17.0.8+9) (build 17.0.8+9-LTS-211)
# Java VM: Java HotSpot(TM) 64-Bit Server VM (17.0.8+9-LTS-211, mixed mode, sharing, tiered, compressed oops, compressed class ptrs, g1 gc, linux-amd64)
GC Precious Log:
 CPUs: 8 total, 8 available
 Memory: 15768M
 Large Page Support: Disabled
 NUMA Support: Disabled
 Compressed Oops: Enabled (Zero based)
 Heap Region Size: 2M
 Heap Min Capacity: 8M
 Heap Initial Capacity: 248M
 Heap Max Capacity: 3944M
 Pre-touch: Disabled
 Parallel Workers: 8
 Concurrent Workers: 2
 Concurrent Refinement Workers: 8
 Periodic GC: Disabled
Heap:
 garbage-first heap   total 151552K, used 34572K [0x0000000709800000, 0x0000000800000000)
  region size 2048K, 2 young (4096K), 1 survivors (2048K)
 Metaspace       used 65873K, committed 66432K, reserved 1114112K
  class space    used 8885K, committed 9152K, reserved 1048576K
GC Heap History (20 events):
Event: 1.297 GC heap before
{Heap before GC invocations=2 (full 0):
 garbage-first heap   total 258048K, used 61902K [0x0000000709800000, 0x0000000800000000)
  region size 2048K, 28 young (57344K), 2 survivors (4096K)
 Metaspace       used 21319K, committed 21504K, reserved 1114112K
  class space    used 2653K, committed 2752K, reserved 1048576K
}
Event: 1.302 GC heap after
{Heap after GC invocations=3 (full 0):
 garbage-first heap   total 258048K, used 14805K [0x0000000709800000, 0x0000000800000000)
  region size 2048K, 4 young (8192K), 4 survivors (8192K)
 Metaspace       used 21319K, committed 21504K, reserved 1114112K
  class space    used 2653K, committed 2752K, reserved 1048576K
}
Event: 1.980 GC heap before
{Heap before GC invocations=4 (full 0):
 garbage-first heap   total 75776K, used 51669K [0x0000000709800000, 0x0000000800000000)
  region size 2048K, 22 young (45056K), 4 survivors (8192K)
 Metaspace       used 28295K, committed 28736K, reserved 1114112K
  class space    used 3627K, committed 3840K, reserved 1048576K
}
Event: 1.986 GC heap after
{Heap after GC invocations=5 (full 0):
 garbage-first heap   total 75776K, used 18125K [0x0000000709800000, 0x0000000800000000)
  region size 2048K, 2 young (4096K), 2 survivors (4096K)
 Metaspace       used 28295K, committed 28736K, reserved 1114112K
  class space    used 3627K, committed 3840K, reserved 1048576K
}
Event: 2.001 GC heap before
{Heap before GC invocations=5 (full 0):
 garbage-first heap   total 75776K, used 20173K [0x0000000709800000, 0x0000000800000000)
  region size 2048K, 3 young (6144K), 2 survivors (4096K)
 Metaspace       used 28359K, committed 28800K, reserved 1114112K
  class space    used 3631K, committed 3840K, reserved 1048576K
}
Event: 2.005 GC heap after
{Heap after GC invocations=6 (full 0):
 garbage-first heap   total 75776K, used 18512K [0x0000000709800000, 0x0000000800000000)
  region size 2048K, 1 young (2048K), 1 survivors (2048K)
 Metaspace       used 28359K, committed 28800K, reserved 1114112K
  class space    used 3631K, committed 3840K, reserved 1048576K
}
Event: 2.407 GC heap before
{Heap before GC invocations=6 (full 0):
 garbage-first heap   total 75776K, used 47184K [0x0000000709800000, 0x0000000800000000)
  region size 2048K, 16 young (32768K), 1 survivors (2048K)
 Metaspace       used 35595K, committed 35968K, reserved 1114112K
  class space    used 4771K, committed 4928K, reserved 1048576K
}
Event: 2.409 GC heap after
{Heap after GC invocations=7 (full 0):
 garbage-first heap   total 75776K, used 19603K [0x0000000709800000, 0x0000000800000000)
  region size 2048K, 1 young (2048K), 1 survivors (2048K)
 Metaspace       used 35595K, committed 35968K, reserved 1114112K
  class space    used 4771K, committed 4928K, reserved 1048576K
}
Event: 2.871 GC heap before
{Heap before GC invocations=8 (full 0):
 garbage-first heap   total 75776K, used 50323K [0x0000000709800000, 0x0000000800000000)
  region size 2048K, 17 young (34816K), 1 survivors (2048K)
 Metaspace       used 47632K, committed 48064K, reserved 1114112K
  class space    used 6267K, committed 6464K, reserved 1048576K
}
Event: 2.873 GC heap after
{Heap after GC invocations=9 (full 0):
 garbage-first heap   total 75776K, used 22425K [0x0000000709800000, 0x0000000800000000)
  region size 2048K, 3 young (6144K), 3 survivors (6144K)
 Metaspace       used 47632K, committed 48064K, reserved 1114112K
  class space    used 6267K, committed 6464K, reserved 1048576K
}
Event: 3.239 GC heap before
{Heap before GC invocations=9 (full 0):
 garbage-first heap   total 75776K, used 51097K [0x0000000709800000, 0x0000000800000000)
  region size 2048K, 17 young (34816K), 3 survivors (6144K)
 Metaspace       used 55726K, committed 56192K, reserved 1114112K
  class space    used 7582K, committed 7808K, reserved 1048576K
}
Event: 3.241 GC heap after
{Heap after GC invocations=10 (full 0):
 garbage-first heap   total 75776K, used 24053K [0x0000000709800000, 0x0000000800000000)
  region size 2048K, 3 young (6144K), 3 survivors (6144K)
 Metaspace       used 55726K, committed 56192K, reserved 1114112K
  class space    used 7582K, committed 7808K, reserved 1048576K
}
Event: 3.531 GC heap before
{Heap before GC invocations=10 (full 0):
 garbage-first heap   total 75776K, used 46581K [0x0000000709800000, 0x0000000800000000)
  region size 2048K, 15 young (30720K), 3 survivors (6144K)
 Metaspace       used 60027K, committed 60416K, reserved 1114112K
  class space    used 8139K, committed 8320K, reserved 1048576K
}
Event: 3.538 GC heap after
{Heap after GC invocations=11 (full 0):
 garbage-first heap   total 75776K, used 26417K [0x0000000709800000, 0x0000000800000000)
  region size 2048K, 2 young (4096K), 2 survivors (4096K)
 Metaspace       used 60027K, committed 60416K, reserved 1114112K
  class space    used 8139K, committed 8320K, reserved 1048576K
}
Event: 90.354 GC heap before
{Heap before GC invocations=12 (full 0):
 garbage-first heap   total 75776K, used 55089K [0x0000000709800000, 0x0000000800000000)
  region size 2048K, 16 young (32768K), 2 survivors (4096K)
 Metaspace       used 65601K, committed 66112K, reserved 1114112K
  class space    used 8846K, committed 9088K, reserved 1048576K
}
Event: 90.358 GC heap after
{Heap after GC invocations=13 (full 0):
 garbage-first heap   total 75776K, used 31144K [0x0000000709800000, 0x0000000800000000)
  region size 2048K, 2 young (4096K), 2 survivors (4096K)
 Metaspace       used 65601K, committed 66112K, reserved 1114112K
  class space    used 8846K, committed 9088K, reserved 1048576K
}
Event: 90.378 GC heap before
{Heap before GC invocations=13 (full 0):
 garbage-first heap   total 75776K, used 33192K [0x0000000709800000, 0x0000000800000000)
  region size 2048K, 3 young (6144K), 2 survivors (4096K)
 Metaspace       used 65737K, committed 66240K, reserved 1114112K
  class space    used 8870K, committed 9088K, reserved 1048576K
}
Event: 90.381 GC heap after
{Heap after GC invocations=14 (full 0):
 garbage-first heap   total 75776K, used 30815K [0x0000000709800000, 0x0000000800000000)
  region size 2048K, 1 young (2048K), 1 survivors (2048K)
 Metaspace       used 65737K, committed 66240K, reserved 1114112K
  class space    used 8870K, committed 9088K, reserved 1048576K
}
Event: 90.393 GC heap before
{Heap before GC invocations=14 (full 0):
 garbage-first heap   total 75776K, used 32863K [0x0000000709800000, 0x0000000800000000)
  region size 2048K, 2 young (4096K), 1 survivors (2048K)
 Metaspace       used 65871K, committed 66432K, reserved 1114112K
  class space    used 8885K, committed 9152K, reserved 1048576K
}
Event: 90.394 GC heap after
{Heap after GC invocations=15 (full 0):
 garbage-first heap   total 151552K, used 32524K [0x0000000709800000, 0x0000000800000000)
  region size 2048K, 1 young (2048K), 1 survivors (2048K)
 Metaspace       used 65871K, committed 66432K, reserved 1114112K
  class space    used 8885K, committed 9152K, reserved 1048576K
}

