# JRE version: Java(TM) SE Runtime Environment (17.0.8+9) (build 17.0.8+9-LTS-211)
# Java VM: Java HotSpot(TM) 64-Bit Server VM (17.0.8+9-LTS-211, mixed mode, sharing, tiered, compressed oops, compressed class ptrs, g1 gc, linux-amd64)
GC Precious Log:
 CPUs: 8 total, 8 available
 Memory: 15768M
 Large Page Support: Disabled
 NUMA Support: Disabled
 Compressed Oops: Enabled (Zero based)
 Heap Region Size: 2M
 Heap Min Capacity: 8M
 Heap Initial Capacity: 248M
 Heap Max Capacity: 3944M
 Pre-touch: Disabled
 Parallel Workers: 8
 Concurrent Workers: 2
 Concurrent Refinement Workers: 8
 Periodic GC: Disabled
Heap:
 garbage-first heap   total 75776K, used 35065K [0x0000000709800000, 0x0000000800000000)
  region size 2048K, 4 young (8192K), 3 survivors (6144K)
 Metaspace       used 66080K, committed 66624K, reserved 1114112K
  class space    used 8894K, committed 9152K, reserved 1048576K
GC Heap History (20 events):
Event: 0.814 GC heap before
{Heap before GC invocations=1 (full 0):
 garbage-first heap   total 258048K, used 33343K [0x0000000709800000, 0x0000000800000000)
  region size 2048K, 15 young (30720K), 2 survivors (4096K)
 Metaspace       used 12781K, committed 12992K, reserved 1114112K
  class space    used 1549K, committed 1664K, reserved 1048576K
}
Event: 0.816 GC heap after
{Heap after GC invocations=2 (full 0):
 garbage-first heap   total 258048K, used 10690K [0x0000000709800000, 0x0000000800000000)
  region size 2048K, 2 young (4096K), 2 survivors (4096K)
 Metaspace       used 12781K, committed 12992K, reserved 1114112K
  class space    used 1549K, committed 1664K, reserved 1048576K
}
Event: 1.419 GC heap before
{Heap before GC invocations=2 (full 0):
 garbage-first heap   total 258048K, used 61890K [0x0000000709800000, 0x0000000800000000)
  region size 2048K, 28 young (57344K), 2 survivors (4096K)
 Metaspace       used 21279K, committed 21504K, reserved 1114112K
  class space    used 2643K, committed 2752K, reserved 1048576K
}
Event: 1.422 GC heap after
{Heap after GC invocations=3 (full 0):
 garbage-first heap   total 258048K, used 14798K [0x0000000709800000, 0x0000000800000000)
  region size 2048K, 4 young (8192K), 4 survivors (8192K)
 Metaspace       used 21279K, committed 21504K, reserved 1114112K
  class space    used 2643K, committed 2752K, reserved 1048576K
}
Event: 1.963 GC heap before
{Heap before GC invocations=4 (full 0):
 garbage-first heap   total 75776K, used 51662K [0x0000000709800000, 0x0000000800000000)
  region size 2048K, 22 young (45056K), 4 survivors (8192K)
 Metaspace       used 28129K, committed 28544K, reserved 1114112K
  class space    used 3590K, committed 3776K, reserved 1048576K
}
Event: 1.969 GC heap after
{Heap after GC invocations=5 (full 0):
 garbage-first heap   total 75776K, used 18074K [0x0000000709800000, 0x0000000800000000)
  region size 2048K, 2 young (4096K), 2 survivors (4096K)
 Metaspace       used 28129K, committed 28544K, reserved 1114112K
  class space    used 3590K, committed 3776K, reserved 1048576K
}
Event: 2.006 GC heap before
{Heap before GC invocations=5 (full 0):
 garbage-first heap   total 75776K, used 20122K [0x0000000709800000, 0x0000000800000000)
  region size 2048K, 3 young (6144K), 2 survivors (4096K)
 Metaspace       used 28408K, committed 28800K, reserved 1114112K
  class space    used 3633K, committed 3840K, reserved 1048576K
}
Event: 2.009 GC heap after
{Heap after GC invocations=6 (full 0):
 garbage-first heap   total 75776K, used 18390K [0x0000000709800000, 0x0000000800000000)
  region size 2048K, 1 young (2048K), 1 survivors (2048K)
 Metaspace       used 28408K, committed 28800K, reserved 1114112K
  class space    used 3633K, committed 3840K, reserved 1048576K
}
Event: 2.419 GC heap before
{Heap before GC invocations=6 (full 0):
 garbage-first heap   total 75776K, used 49110K [0x0000000709800000, 0x0000000800000000)
  region size 2048K, 16 young (32768K), 1 survivors (2048K)
 Metaspace       used 35308K, committed 35712K, reserved 1114112K
  class space    used 4732K, committed 4928K, reserved 1048576K
}
Event: 2.420 GC heap after
{Heap after GC invocations=7 (full 0):
 garbage-first heap   total 75776K, used 19486K [0x0000000709800000, 0x0000000800000000)
  region size 2048K, 1 young (2048K), 1 survivors (2048K)
 Metaspace       used 35308K, committed 35712K, reserved 1114112K
  class space    used 4732K, committed 4928K, reserved 1048576K
}
Event: 2.435 GC heap before
{Heap before GC invocations=7 (full 0):
 garbage-first heap   total 75776K, used 19486K [0x0000000709800000, 0x0000000800000000)
  region size 2048K, 2 young (4096K), 1 survivors (2048K)
 Metaspace       used 35622K, committed 35968K, reserved 1114112K
  class space    used 4772K, committed 4928K, reserved 1048576K
}
Event: 2.436 GC heap after
{Heap after GC invocations=8 (full 0):
 garbage-first heap   total 75776K, used 19562K [0x0000000709800000, 0x0000000800000000)
  region size 2048K, 1 young (2048K), 1 survivors (2048K)
 Metaspace       used 35622K, committed 35968K, reserved 1114112K
  class space    used 4772K, committed 4928K, reserved 1048576K
}
Event: 2.937 GC heap before
{Heap before GC invocations=9 (full 0):
 garbage-first heap   total 75776K, used 52330K [0x0000000709800000, 0x0000000800000000)
  region size 2048K, 18 young (36864K), 1 survivors (2048K)
 Metaspace       used 48154K, committed 48640K, reserved 1114112K
  class space    used 6358K, committed 6592K, reserved 1048576K
}
Event: 2.940 GC heap after
{Heap after GC invocations=10 (full 0):
 garbage-first heap   total 75776K, used 22544K [0x0000000709800000, 0x0000000800000000)
  region size 2048K, 3 young (6144K), 3 survivors (6144K)
 Metaspace       used 48154K, committed 48640K, reserved 1114112K
  class space    used 6358K, committed 6592K, reserved 1048576K
}
Event: 3.328 GC heap before
{Heap before GC invocations=10 (full 0):
 garbage-first heap   total 75776K, used 53264K [0x0000000709800000, 0x0000000800000000)
  region size 2048K, 18 young (36864K), 3 survivors (6144K)
 Metaspace       used 56779K, committed 57216K, reserved 1114112K
  class space    used 7722K, committed 7936K, reserved 1048576K
}
Event: 3.331 GC heap after
{Heap after GC invocations=11 (full 0):
 garbage-first heap   total 75776K, used 24310K [0x0000000709800000, 0x0000000800000000)
  region size 2048K, 3 young (6144K), 3 survivors (6144K)
 Metaspace       used 56779K, committed 57216K, reserved 1114112K
  class space    used 7722K, committed 7936K, reserved 1048576K
}
Event: 3.562 GC heap before
{Heap before GC invocations=11 (full 0):
 garbage-first heap   total 75776K, used 42742K [0x0000000709800000, 0x0000000800000000)
  region size 2048K, 13 young (26624K), 3 survivors (6144K)
 Metaspace       used 60015K, committed 60480K, reserved 1114112K
  class space    used 8134K, committed 8384K, reserved 1048576K
}
Event: 3.567 GC heap after
{Heap after GC invocations=12 (full 0):
 garbage-first heap   total 75776K, used 26357K [0x0000000709800000, 0x0000000800000000)
  region size 2048K, 2 young (4096K), 2 survivors (4096K)
 Metaspace       used 60015K, committed 60480K, reserved 1114112K
  class space    used 8134K, committed 8384K, reserved 1048576K
}
Event: 115.263 GC heap before
{Heap before GC invocations=13 (full 0):
 garbage-first heap   total 75776K, used 57077K [0x0000000709800000, 0x0000000800000000)
  region size 2048K, 17 young (34816K), 2 survivors (4096K)
 Metaspace       used 65921K, committed 66496K, reserved 1114112K
  class space    used 8869K, committed 9152K, reserved 1048576K
}
Event: 115.266 GC heap after
{Heap after GC invocations=14 (full 0):
 garbage-first heap   total 75776K, used 30969K [0x0000000709800000, 0x0000000800000000)
  region size 2048K, 3 young (6144K), 3 survivors (6144K)
 Metaspace       used 65921K, committed 66496K, reserved 1114112K
  class space    used 8869K, committed 9152K, reserved 1048576K
}

