# JRE version: Java(TM) SE Runtime Environment (17.0.8+9) (build 17.0.8+9-LTS-211)
# Java VM: Java HotSpot(TM) 64-Bit Server VM (17.0.8+9-LTS-211, mixed mode, sharing, tiered, compressed oops, compressed class ptrs, g1 gc, linux-amd64)
GC Precious Log:
 CPUs: 8 total, 8 available
 Memory: 15768M
 Large Page Support: Disabled
 NUMA Support: Disabled
 Compressed Oops: Enabled (Zero based)
 Heap Region Size: 2M
 Heap Min Capacity: 8M
 Heap Initial Capacity: 248M
 Heap Max Capacity: 3944M
 Pre-touch: Disabled
 Parallel Workers: 8
 Concurrent Workers: 2
 Concurrent Refinement Workers: 8
 Periodic GC: Disabled
Heap:
 garbage-first heap   total 92160K, used 40953K [0x0000000709800000, 0x0000000800000000)
  region size 2048K, 2 young (4096K), 1 survivors (2048K)
 Metaspace       used 66208K, committed 66688K, reserved 1114112K
  class space    used 8908K, committed 9152K, reserved 1048576K
GC Heap History (20 events):
Event: 1.640 GC heap before
{Heap before GC invocations=4 (full 0):
 garbage-first heap   total 75776K, used 51644K [0x0000000709800000, 0x0000000800000000)
  region size 2048K, 22 young (45056K), 4 survivors (8192K)
 Metaspace       used 28140K, committed 28544K, reserved 1114112K
  class space    used 3590K, committed 3776K, reserved 1048576K
}
Event: 1.645 GC heap after
{Heap after GC invocations=5 (full 0):
 garbage-first heap   total 75776K, used 18170K [0x0000000709800000, 0x0000000800000000)
  region size 2048K, 2 young (4096K), 2 survivors (4096K)
 Metaspace       used 28140K, committed 28544K, reserved 1114112K
  class space    used 3590K, committed 3776K, reserved 1048576K
}
Event: 1.666 GC heap before
{Heap before GC invocations=5 (full 0):
 garbage-first heap   total 75776K, used 20218K [0x0000000709800000, 0x0000000800000000)
  region size 2048K, 3 young (6144K), 2 survivors (4096K)
 Metaspace       used 28419K, committed 28800K, reserved 1114112K
  class space    used 3633K, committed 3840K, reserved 1048576K
}
Event: 1.669 GC heap after
{Heap after GC invocations=6 (full 0):
 garbage-first heap   total 75776K, used 18663K [0x0000000709800000, 0x0000000800000000)
  region size 2048K, 1 young (2048K), 1 survivors (2048K)
 Metaspace       used 28419K, committed 28800K, reserved 1114112K
  class space    used 3633K, committed 3840K, reserved 1048576K
}
Event: 1.952 GC heap before
{Heap before GC invocations=6 (full 0):
 garbage-first heap   total 75776K, used 49383K [0x0000000709800000, 0x0000000800000000)
  region size 2048K, 16 young (32768K), 1 survivors (2048K)
 Metaspace       used 35238K, committed 35648K, reserved 1114112K
  class space    used 4718K, committed 4928K, reserved 1048576K
}
Event: 1.955 GC heap after
{Heap after GC invocations=7 (full 0):
 garbage-first heap   total 75776K, used 19502K [0x0000000709800000, 0x0000000800000000)
  region size 2048K, 1 young (2048K), 1 survivors (2048K)
 Metaspace       used 35238K, committed 35648K, reserved 1114112K
  class space    used 4718K, committed 4928K, reserved 1048576K
}
Event: 1.980 GC heap before
{Heap before GC invocations=7 (full 0):
 garbage-first heap   total 75776K, used 19502K [0x0000000709800000, 0x0000000800000000)
  region size 2048K, 2 young (4096K), 1 survivors (2048K)
 Metaspace       used 35622K, committed 35968K, reserved 1114112K
  class space    used 4774K, committed 4928K, reserved 1048576K
}
Event: 1.982 GC heap after
{Heap after GC invocations=8 (full 0):
 garbage-first heap   total 75776K, used 19677K [0x0000000709800000, 0x0000000800000000)
  region size 2048K, 1 young (2048K), 1 survivors (2048K)
 Metaspace       used 35622K, committed 35968K, reserved 1114112K
  class space    used 4774K, committed 4928K, reserved 1048576K
}
Event: 2.445 GC heap before
{Heap before GC invocations=9 (full 0):
 garbage-first heap   total 75776K, used 50397K [0x0000000709800000, 0x0000000800000000)
  region size 2048K, 17 young (34816K), 1 survivors (2048K)
 Metaspace       used 47693K, committed 48128K, reserved 1114112K
  class space    used 6272K, committed 6464K, reserved 1048576K
}
Event: 2.448 GC heap after
{Heap after GC invocations=10 (full 0):
 garbage-first heap   total 75776K, used 22516K [0x0000000709800000, 0x0000000800000000)
  region size 2048K, 3 young (6144K), 3 survivors (6144K)
 Metaspace       used 47693K, committed 48128K, reserved 1114112K
  class space    used 6272K, committed 6464K, reserved 1048576K
}
Event: 2.752 GC heap before
{Heap before GC invocations=10 (full 0):
 garbage-first heap   total 75776K, used 53236K [0x0000000709800000, 0x0000000800000000)
  region size 2048K, 18 young (36864K), 3 survivors (6144K)
 Metaspace       used 56265K, committed 56768K, reserved 1114112K
  class space    used 7671K, committed 7872K, reserved 1048576K
}
Event: 2.755 GC heap after
{Heap after GC invocations=11 (full 0):
 garbage-first heap   total 75776K, used 24131K [0x0000000709800000, 0x0000000800000000)
  region size 2048K, 3 young (6144K), 3 survivors (6144K)
 Metaspace       used 56265K, committed 56768K, reserved 1114112K
  class space    used 7671K, committed 7872K, reserved 1048576K
}
Event: 3.003 GC heap before
{Heap before GC invocations=11 (full 0):
 garbage-first heap   total 75776K, used 44611K [0x0000000709800000, 0x0000000800000000)
  region size 2048K, 14 young (28672K), 3 survivors (6144K)
 Metaspace       used 60055K, committed 60480K, reserved 1114112K
  class space    used 8139K, committed 8320K, reserved 1048576K
}
Event: 3.008 GC heap after
{Heap after GC invocations=12 (full 0):
 garbage-first heap   total 75776K, used 26688K [0x0000000709800000, 0x0000000800000000)
  region size 2048K, 3 young (6144K), 3 survivors (6144K)
 Metaspace       used 60055K, committed 60480K, reserved 1114112K
  class space    used 8139K, committed 8320K, reserved 1048576K
}
Event: 600.522 GC heap before
{Heap before GC invocations=13 (full 0):
 garbage-first heap   total 75776K, used 57408K [0x0000000709800000, 0x0000000800000000)
  region size 2048K, 17 young (34816K), 3 survivors (6144K)
 Metaspace       used 65574K, committed 66112K, reserved 1114112K
  class space    used 8838K, committed 9088K, reserved 1048576K
}
Event: 600.525 GC heap after
{Heap after GC invocations=14 (full 0):
 garbage-first heap   total 75776K, used 33465K [0x0000000709800000, 0x0000000800000000)
  region size 2048K, 3 young (6144K), 3 survivors (6144K)
 Metaspace       used 65574K, committed 66112K, reserved 1114112K
  class space    used 8838K, committed 9088K, reserved 1048576K
}
Event: 600.546 GC heap before
{Heap before GC invocations=14 (full 0):
 garbage-first heap   total 75776K, used 35513K [0x0000000709800000, 0x0000000800000000)
  region size 2048K, 4 young (8192K), 3 survivors (6144K)
 Metaspace       used 65882K, committed 66432K, reserved 1114112K
  class space    used 8860K, committed 9152K, reserved 1048576K
}
Event: 600.549 GC heap after
{Heap after GC invocations=15 (full 0):
 garbage-first heap   total 75776K, used 33362K [0x0000000709800000, 0x0000000800000000)
  region size 2048K, 1 young (2048K), 1 survivors (2048K)
 Metaspace       used 65882K, committed 66432K, reserved 1114112K
  class space    used 8860K, committed 9152K, reserved 1048576K
}
Event: 600.574 GC heap before
{Heap before GC invocations=15 (full 0):
 garbage-first heap   total 75776K, used 35410K [0x0000000709800000, 0x0000000800000000)
  region size 2048K, 3 young (6144K), 1 survivors (2048K)
 Metaspace       used 66206K, committed 66688K, reserved 1114112K
  class space    used 8908K, committed 9152K, reserved 1048576K
}
Event: 600.575 GC heap after
{Heap after GC invocations=16 (full 0):
 garbage-first heap   total 92160K, used 32761K [0x0000000709800000, 0x0000000800000000)
  region size 2048K, 1 young (2048K), 1 survivors (2048K)
 Metaspace       used 66206K, committed 66688K, reserved 1114112K
  class space    used 8908K, committed 9152K, reserved 1048576K
}

