# JRE version: Java(TM) SE Runtime Environment (17.0.8+9) (build 17.0.8+9-LTS-211)
# Java VM: Java HotSpot(TM) 64-Bit Server VM (17.0.8+9-LTS-211, mixed mode, sharing, tiered, compressed oops, compressed class ptrs, g1 gc, linux-amd64)
GC Precious Log:
 CPUs: 8 total, 8 available
 Memory: 15768M
 Large Page Support: Disabled
 NUMA Support: Disabled
 Compressed Oops: Enabled (Zero based)
 Heap Region Size: 2M
 Heap Min Capacity: 8M
 Heap Initial Capacity: 248M
 Heap Max Capacity: 3944M
 Pre-touch: Disabled
 Parallel Workers: 8
 Concurrent Workers: 2
 Concurrent Refinement Workers: 8
 Periodic GC: Disabled
Heap:
 garbage-first heap   total 81920K, used 63077K [0x0000000709800000, 0x0000000800000000)
  region size 2048K, 18 young (36864K), 2 survivors (4096K)
 Metaspace       used 65858K, committed 66368K, reserved 1114112K
  class space    used 8890K, committed 9152K, reserved 1048576K
GC Heap History (20 events):
Event: 0.705 GC heap before
{Heap before GC invocations=1 (full 0):
 garbage-first heap   total 258048K, used 35278K [0x0000000709800000, 0x0000000800000000)
  region size 2048K, 15 young (30720K), 2 survivors (4096K)
 Metaspace       used 12713K, committed 12992K, reserved 1114112K
  class space    used 1541K, committed 1664K, reserved 1048576K
}
Event: 0.709 GC heap after
{Heap after GC invocations=2 (full 0):
 garbage-first heap   total 258048K, used 10900K [0x0000000709800000, 0x0000000800000000)
  region size 2048K, 2 young (4096K), 2 survivors (4096K)
 Metaspace       used 12713K, committed 12992K, reserved 1114112K
  class space    used 1541K, committed 1664K, reserved 1048576K
}
Event: 1.295 GC heap before
{Heap before GC invocations=2 (full 0):
 garbage-first heap   total 258048K, used 60052K [0x0000000709800000, 0x0000000800000000)
  region size 2048K, 28 young (57344K), 2 survivors (4096K)
 Metaspace       used 21330K, committed 21504K, reserved 1114112K
  class space    used 2655K, committed 2752K, reserved 1048576K
}
Event: 1.298 GC heap after
{Heap after GC invocations=3 (full 0):
 garbage-first heap   total 258048K, used 14992K [0x0000000709800000, 0x0000000800000000)
  region size 2048K, 4 young (8192K), 4 survivors (8192K)
 Metaspace       used 21330K, committed 21504K, reserved 1114112K
  class space    used 2655K, committed 2752K, reserved 1048576K
}
Event: 1.842 GC heap before
{Heap before GC invocations=4 (full 0):
 garbage-first heap   total 75776K, used 51856K [0x0000000709800000, 0x0000000800000000)
  region size 2048K, 22 young (45056K), 4 survivors (8192K)
 Metaspace       used 28359K, committed 28800K, reserved 1114112K
  class space    used 3631K, committed 3840K, reserved 1048576K
}
Event: 1.848 GC heap after
{Heap after GC invocations=5 (full 0):
 garbage-first heap   total 75776K, used 18417K [0x0000000709800000, 0x0000000800000000)
  region size 2048K, 2 young (4096K), 2 survivors (4096K)
 Metaspace       used 28359K, committed 28800K, reserved 1114112K
  class space    used 3631K, committed 3840K, reserved 1048576K
}
Event: 1.858 GC heap before
{Heap before GC invocations=5 (full 0):
 garbage-first heap   total 75776K, used 20465K [0x0000000709800000, 0x0000000800000000)
  region size 2048K, 3 young (6144K), 2 survivors (4096K)
 Metaspace       used 28421K, committed 28864K, reserved 1114112K
  class space    used 3635K, committed 3840K, reserved 1048576K
}
Event: 1.861 GC heap after
{Heap after GC invocations=6 (full 0):
 garbage-first heap   total 75776K, used 18614K [0x0000000709800000, 0x0000000800000000)
  region size 2048K, 1 young (2048K), 1 survivors (2048K)
 Metaspace       used 28421K, committed 28864K, reserved 1114112K
  class space    used 3635K, committed 3840K, reserved 1048576K
}
Event: 2.225 GC heap before
{Heap before GC invocations=6 (full 0):
 garbage-first heap   total 75776K, used 49334K [0x0000000709800000, 0x0000000800000000)
  region size 2048K, 16 young (32768K), 1 survivors (2048K)
 Metaspace       used 35585K, committed 35968K, reserved 1114112K
  class space    used 4773K, committed 4928K, reserved 1048576K
}
Event: 2.226 GC heap after
{Heap after GC invocations=7 (full 0):
 garbage-first heap   total 135168K, used 19729K [0x0000000709800000, 0x0000000800000000)
  region size 2048K, 1 young (2048K), 1 survivors (2048K)
 Metaspace       used 35585K, committed 35968K, reserved 1114112K
  class space    used 4773K, committed 4928K, reserved 1048576K
}
Event: 2.234 GC heap before
{Heap before GC invocations=7 (full 0):
 garbage-first heap   total 135168K, used 19729K [0x0000000709800000, 0x0000000800000000)
  region size 2048K, 2 young (4096K), 1 survivors (2048K)
 Metaspace       used 35719K, committed 36096K, reserved 1114112K
  class space    used 4784K, committed 4992K, reserved 1048576K
}
Event: 2.235 GC heap after
{Heap after GC invocations=8 (full 0):
 garbage-first heap   total 135168K, used 19829K [0x0000000709800000, 0x0000000800000000)
  region size 2048K, 1 young (2048K), 1 survivors (2048K)
 Metaspace       used 35719K, committed 36096K, reserved 1114112K
  class space    used 4784K, committed 4992K, reserved 1048576K
}
Event: 2.861 GC heap before
{Heap before GC invocations=9 (full 0):
 garbage-first heap   total 81920K, used 66933K [0x0000000709800000, 0x0000000800000000)
  region size 2048K, 24 young (49152K), 1 survivors (2048K)
 Metaspace       used 52195K, committed 52672K, reserved 1114112K
  class space    used 7039K, committed 7232K, reserved 1048576K
}
Event: 2.865 GC heap after
{Heap after GC invocations=10 (full 0):
 garbage-first heap   total 81920K, used 23322K [0x0000000709800000, 0x0000000800000000)
  region size 2048K, 3 young (6144K), 3 survivors (6144K)
 Metaspace       used 52195K, committed 52672K, reserved 1114112K
  class space    used 7039K, committed 7232K, reserved 1048576K
}
Event: 2.889 GC heap before
{Heap before GC invocations=10 (full 0):
 garbage-first heap   total 81920K, used 25370K [0x0000000709800000, 0x0000000800000000)
  region size 2048K, 4 young (8192K), 3 survivors (6144K)
 Metaspace       used 52633K, committed 53120K, reserved 1114112K
  class space    used 7114K, committed 7360K, reserved 1048576K
}
Event: 2.894 GC heap after
{Heap after GC invocations=11 (full 0):
 garbage-first heap   total 81920K, used 23623K [0x0000000709800000, 0x0000000800000000)
  region size 2048K, 1 young (2048K), 1 survivors (2048K)
 Metaspace       used 52633K, committed 53120K, reserved 1114112K
  class space    used 7114K, committed 7360K, reserved 1048576K
}
Event: 3.373 GC heap before
{Heap before GC invocations=11 (full 0):
 garbage-first heap   total 81920K, used 56391K [0x0000000709800000, 0x0000000800000000)
  region size 2048K, 18 young (36864K), 1 survivors (2048K)
 Metaspace       used 59708K, committed 60160K, reserved 1114112K
  class space    used 8105K, committed 8320K, reserved 1048576K
}
Event: 3.376 GC heap after
{Heap after GC invocations=12 (full 0):
 garbage-first heap   total 81920K, used 25928K [0x0000000709800000, 0x0000000800000000)
  region size 2048K, 2 young (4096K), 2 survivors (4096K)
 Metaspace       used 59708K, committed 60160K, reserved 1114112K
  class space    used 8105K, committed 8320K, reserved 1048576K
}
Event: 3.407 GC heap before
{Heap before GC invocations=12 (full 0):
 garbage-first heap   total 81920K, used 25928K [0x0000000709800000, 0x0000000800000000)
  region size 2048K, 3 young (6144K), 2 survivors (4096K)
 Metaspace       used 60002K, committed 60480K, reserved 1114112K
  class space    used 8138K, committed 8384K, reserved 1048576K
}
Event: 3.409 GC heap after
{Heap after GC invocations=13 (full 0):
 garbage-first heap   total 81920K, used 26213K [0x0000000709800000, 0x0000000800000000)
  region size 2048K, 2 young (4096K), 2 survivors (4096K)
 Metaspace       used 60002K, committed 60480K, reserved 1114112K
  class space    used 8138K, committed 8384K, reserved 1048576K
}

